<?xml version="1.0" encoding="UTF-8"?>
<testng-results skipped="0" failed="0" ignored="0" total="2" passed="2">
  <reporter-output>
  </reporter-output>
  <suite name="Default suite" duration-ms="20599" started-at="2020-03-03T14:33:39 EST" finished-at="2020-03-03T14:33:59 EST">
    <groups>
    </groups>
    <test name="Default test" duration-ms="20599" started-at="2020-03-03T14:33:39 EST" finished-at="2020-03-03T14:33:59 EST">
      <class name="allTest.HomePageTest">
        <test-method status="PASS" signature="textValidation()[pri:0, instance:allTest.HomePageTest@51e2adc7]" name="textValidation" duration-ms="14781" started-at="2020-03-03T14:33:39 EST" finished-at="2020-03-03T14:33:53 EST">
          <reporter-output>
          </reporter-output>
        </test-method> <!-- textValidation -->
        <test-method status="PASS" signature="titaleValidation()[pri:0, instance:allTest.HomePageTest@51e2adc7]" name="titaleValidation" duration-ms="1449" started-at="2020-03-03T14:33:53 EST" finished-at="2020-03-03T14:33:55 EST">
          <reporter-output>
          </reporter-output>
        </test-method> <!-- titaleValidation -->
        <test-method status="PASS" signature="tearDown()[pri:0, instance:allTest.HomePageTest@51e2adc7]" name="tearDown" is-config="true" duration-ms="4323" started-at="2020-03-03T14:33:55 EST" finished-at="2020-03-03T14:33:59 EST">
          <reporter-output>
          </reporter-output>
        </test-method> <!-- tearDown -->
      </class> <!-- allTest.HomePageTest -->
    </test> <!-- Default test -->
  </suite> <!-- Default suite -->
</testng-results>
